[2024-06-18T14:21:18.033+0000] {processor.py:161} INFO - Started process (PID=179) to work on /opt/airflow/dags/csv/archive.zip
[2024-06-18T14:21:18.034+0000] {processor.py:830} INFO - Processing file /opt/airflow/dags/csv/archive.zip for tasks to queue
[2024-06-18T14:21:18.036+0000] {logging_mixin.py:188} INFO - [2024-06-18T14:21:18.035+0000] {dagbag.py:545} INFO - Filling up the DagBag from /opt/airflow/dags/csv/archive.zip
[2024-06-18T14:21:18.045+0000] {processor.py:842} WARNING - No viable dags retrieved from /opt/airflow/dags/csv/archive.zip
[2024-06-18T14:21:18.056+0000] {processor.py:183} INFO - Processing /opt/airflow/dags/csv/archive.zip took 0.028 seconds
[2024-06-18T14:21:49.011+0000] {processor.py:161} INFO - Started process (PID=199) to work on /opt/airflow/dags/csv/archive.zip
[2024-06-18T14:21:49.011+0000] {processor.py:830} INFO - Processing file /opt/airflow/dags/csv/archive.zip for tasks to queue
[2024-06-18T14:21:49.013+0000] {logging_mixin.py:188} INFO - [2024-06-18T14:21:49.013+0000] {dagbag.py:545} INFO - Filling up the DagBag from /opt/airflow/dags/csv/archive.zip
[2024-06-18T14:21:49.025+0000] {processor.py:842} WARNING - No viable dags retrieved from /opt/airflow/dags/csv/archive.zip
[2024-06-18T14:21:49.038+0000] {processor.py:183} INFO - Processing /opt/airflow/dags/csv/archive.zip took 0.031 seconds
[2024-06-18T14:22:19.913+0000] {processor.py:161} INFO - Started process (PID=219) to work on /opt/airflow/dags/csv/archive.zip
[2024-06-18T14:22:19.914+0000] {processor.py:830} INFO - Processing file /opt/airflow/dags/csv/archive.zip for tasks to queue
[2024-06-18T14:22:19.915+0000] {logging_mixin.py:188} INFO - [2024-06-18T14:22:19.915+0000] {dagbag.py:545} INFO - Filling up the DagBag from /opt/airflow/dags/csv/archive.zip
[2024-06-18T14:22:19.925+0000] {processor.py:842} WARNING - No viable dags retrieved from /opt/airflow/dags/csv/archive.zip
[2024-06-18T14:22:19.936+0000] {processor.py:183} INFO - Processing /opt/airflow/dags/csv/archive.zip took 0.027 seconds
[2024-06-18T14:22:50.855+0000] {processor.py:161} INFO - Started process (PID=236) to work on /opt/airflow/dags/csv/archive.zip
[2024-06-18T14:22:50.855+0000] {processor.py:830} INFO - Processing file /opt/airflow/dags/csv/archive.zip for tasks to queue
[2024-06-18T14:22:50.857+0000] {logging_mixin.py:188} INFO - [2024-06-18T14:22:50.857+0000] {dagbag.py:545} INFO - Filling up the DagBag from /opt/airflow/dags/csv/archive.zip
[2024-06-18T14:22:50.865+0000] {processor.py:842} WARNING - No viable dags retrieved from /opt/airflow/dags/csv/archive.zip
[2024-06-18T14:22:50.875+0000] {processor.py:183} INFO - Processing /opt/airflow/dags/csv/archive.zip took 0.024 seconds
[2024-06-18T14:23:21.772+0000] {processor.py:161} INFO - Started process (PID=253) to work on /opt/airflow/dags/csv/archive.zip
[2024-06-18T14:23:21.772+0000] {processor.py:830} INFO - Processing file /opt/airflow/dags/csv/archive.zip for tasks to queue
[2024-06-18T14:23:21.774+0000] {logging_mixin.py:188} INFO - [2024-06-18T14:23:21.773+0000] {dagbag.py:545} INFO - Filling up the DagBag from /opt/airflow/dags/csv/archive.zip
[2024-06-18T14:23:21.781+0000] {processor.py:842} WARNING - No viable dags retrieved from /opt/airflow/dags/csv/archive.zip
[2024-06-18T14:23:21.791+0000] {processor.py:183} INFO - Processing /opt/airflow/dags/csv/archive.zip took 0.023 seconds
[2024-06-18T14:23:52.664+0000] {processor.py:161} INFO - Started process (PID=270) to work on /opt/airflow/dags/csv/archive.zip
[2024-06-18T14:23:52.665+0000] {processor.py:830} INFO - Processing file /opt/airflow/dags/csv/archive.zip for tasks to queue
[2024-06-18T14:23:52.667+0000] {logging_mixin.py:188} INFO - [2024-06-18T14:23:52.666+0000] {dagbag.py:545} INFO - Filling up the DagBag from /opt/airflow/dags/csv/archive.zip
[2024-06-18T14:23:52.675+0000] {processor.py:842} WARNING - No viable dags retrieved from /opt/airflow/dags/csv/archive.zip
[2024-06-18T14:23:52.685+0000] {processor.py:183} INFO - Processing /opt/airflow/dags/csv/archive.zip took 0.024 seconds
[2024-06-18T14:24:23.581+0000] {processor.py:161} INFO - Started process (PID=287) to work on /opt/airflow/dags/csv/archive.zip
[2024-06-18T14:24:23.581+0000] {processor.py:830} INFO - Processing file /opt/airflow/dags/csv/archive.zip for tasks to queue
[2024-06-18T14:24:23.583+0000] {logging_mixin.py:188} INFO - [2024-06-18T14:24:23.583+0000] {dagbag.py:545} INFO - Filling up the DagBag from /opt/airflow/dags/csv/archive.zip
[2024-06-18T14:24:23.592+0000] {processor.py:842} WARNING - No viable dags retrieved from /opt/airflow/dags/csv/archive.zip
[2024-06-18T14:24:23.601+0000] {processor.py:183} INFO - Processing /opt/airflow/dags/csv/archive.zip took 0.024 seconds
[2024-06-18T14:24:54.502+0000] {processor.py:161} INFO - Started process (PID=305) to work on /opt/airflow/dags/csv/archive.zip
[2024-06-18T14:24:54.503+0000] {processor.py:830} INFO - Processing file /opt/airflow/dags/csv/archive.zip for tasks to queue
[2024-06-18T14:24:54.504+0000] {logging_mixin.py:188} INFO - [2024-06-18T14:24:54.504+0000] {dagbag.py:545} INFO - Filling up the DagBag from /opt/airflow/dags/csv/archive.zip
[2024-06-18T14:24:54.512+0000] {processor.py:842} WARNING - No viable dags retrieved from /opt/airflow/dags/csv/archive.zip
[2024-06-18T14:24:54.522+0000] {processor.py:183} INFO - Processing /opt/airflow/dags/csv/archive.zip took 0.023 seconds
[2024-06-18T14:25:25.454+0000] {processor.py:161} INFO - Started process (PID=322) to work on /opt/airflow/dags/csv/archive.zip
[2024-06-18T14:25:25.455+0000] {processor.py:830} INFO - Processing file /opt/airflow/dags/csv/archive.zip for tasks to queue
[2024-06-18T14:25:25.457+0000] {logging_mixin.py:188} INFO - [2024-06-18T14:25:25.457+0000] {dagbag.py:545} INFO - Filling up the DagBag from /opt/airflow/dags/csv/archive.zip
[2024-06-18T14:25:25.467+0000] {processor.py:842} WARNING - No viable dags retrieved from /opt/airflow/dags/csv/archive.zip
[2024-06-18T14:25:25.478+0000] {processor.py:183} INFO - Processing /opt/airflow/dags/csv/archive.zip took 0.027 seconds
[2024-06-18T14:25:56.379+0000] {processor.py:161} INFO - Started process (PID=347) to work on /opt/airflow/dags/csv/archive.zip
[2024-06-18T14:25:56.380+0000] {processor.py:830} INFO - Processing file /opt/airflow/dags/csv/archive.zip for tasks to queue
[2024-06-18T14:25:56.382+0000] {logging_mixin.py:188} INFO - [2024-06-18T14:25:56.382+0000] {dagbag.py:545} INFO - Filling up the DagBag from /opt/airflow/dags/csv/archive.zip
[2024-06-18T14:25:56.393+0000] {processor.py:842} WARNING - No viable dags retrieved from /opt/airflow/dags/csv/archive.zip
[2024-06-18T14:25:56.403+0000] {processor.py:183} INFO - Processing /opt/airflow/dags/csv/archive.zip took 0.027 seconds
[2024-06-18T14:26:27.939+0000] {processor.py:161} INFO - Started process (PID=366) to work on /opt/airflow/dags/csv/archive.zip
[2024-06-18T14:26:27.940+0000] {processor.py:830} INFO - Processing file /opt/airflow/dags/csv/archive.zip for tasks to queue
[2024-06-18T14:26:27.941+0000] {logging_mixin.py:188} INFO - [2024-06-18T14:26:27.941+0000] {dagbag.py:545} INFO - Filling up the DagBag from /opt/airflow/dags/csv/archive.zip
[2024-06-18T14:26:27.950+0000] {processor.py:842} WARNING - No viable dags retrieved from /opt/airflow/dags/csv/archive.zip
[2024-06-18T14:26:27.961+0000] {processor.py:183} INFO - Processing /opt/airflow/dags/csv/archive.zip took 0.025 seconds
[2024-06-18T14:50:42.593+0000] {processor.py:161} INFO - Started process (PID=314) to work on /opt/airflow/dags/csv/archive.zip
[2024-06-18T14:50:42.594+0000] {processor.py:830} INFO - Processing file /opt/airflow/dags/csv/archive.zip for tasks to queue
[2024-06-18T14:50:42.596+0000] {logging_mixin.py:188} INFO - [2024-06-18T14:50:42.596+0000] {dagbag.py:545} INFO - Filling up the DagBag from /opt/airflow/dags/csv/archive.zip
[2024-06-18T14:50:42.607+0000] {processor.py:842} WARNING - No viable dags retrieved from /opt/airflow/dags/csv/archive.zip
[2024-06-18T14:50:42.621+0000] {processor.py:183} INFO - Processing /opt/airflow/dags/csv/archive.zip took 0.032 seconds
[2024-06-18T14:51:13.537+0000] {processor.py:161} INFO - Started process (PID=331) to work on /opt/airflow/dags/csv/archive.zip
[2024-06-18T14:51:13.538+0000] {processor.py:830} INFO - Processing file /opt/airflow/dags/csv/archive.zip for tasks to queue
[2024-06-18T14:51:13.540+0000] {logging_mixin.py:188} INFO - [2024-06-18T14:51:13.539+0000] {dagbag.py:545} INFO - Filling up the DagBag from /opt/airflow/dags/csv/archive.zip
[2024-06-18T14:51:13.549+0000] {processor.py:842} WARNING - No viable dags retrieved from /opt/airflow/dags/csv/archive.zip
[2024-06-18T14:51:13.560+0000] {processor.py:183} INFO - Processing /opt/airflow/dags/csv/archive.zip took 0.028 seconds
[2024-06-18T14:51:44.480+0000] {processor.py:161} INFO - Started process (PID=351) to work on /opt/airflow/dags/csv/archive.zip
[2024-06-18T14:51:44.481+0000] {processor.py:830} INFO - Processing file /opt/airflow/dags/csv/archive.zip for tasks to queue
[2024-06-18T14:51:44.483+0000] {logging_mixin.py:188} INFO - [2024-06-18T14:51:44.482+0000] {dagbag.py:545} INFO - Filling up the DagBag from /opt/airflow/dags/csv/archive.zip
[2024-06-18T14:51:44.491+0000] {processor.py:842} WARNING - No viable dags retrieved from /opt/airflow/dags/csv/archive.zip
[2024-06-18T14:51:44.501+0000] {processor.py:183} INFO - Processing /opt/airflow/dags/csv/archive.zip took 0.024 seconds
[2024-06-18T14:52:15.374+0000] {processor.py:161} INFO - Started process (PID=368) to work on /opt/airflow/dags/csv/archive.zip
[2024-06-18T14:52:15.375+0000] {processor.py:830} INFO - Processing file /opt/airflow/dags/csv/archive.zip for tasks to queue
[2024-06-18T14:52:15.376+0000] {logging_mixin.py:188} INFO - [2024-06-18T14:52:15.376+0000] {dagbag.py:545} INFO - Filling up the DagBag from /opt/airflow/dags/csv/archive.zip
[2024-06-18T14:52:15.384+0000] {processor.py:842} WARNING - No viable dags retrieved from /opt/airflow/dags/csv/archive.zip
[2024-06-18T14:52:15.393+0000] {processor.py:183} INFO - Processing /opt/airflow/dags/csv/archive.zip took 0.022 seconds
[2024-06-18T15:16:25.302+0000] {processor.py:161} INFO - Started process (PID=185) to work on /opt/airflow/dags/csv/archive.zip
[2024-06-18T15:16:25.303+0000] {processor.py:830} INFO - Processing file /opt/airflow/dags/csv/archive.zip for tasks to queue
[2024-06-18T15:16:25.306+0000] {logging_mixin.py:188} INFO - [2024-06-18T15:16:25.305+0000] {dagbag.py:545} INFO - Filling up the DagBag from /opt/airflow/dags/csv/archive.zip
[2024-06-18T15:16:25.318+0000] {processor.py:842} WARNING - No viable dags retrieved from /opt/airflow/dags/csv/archive.zip
[2024-06-18T15:16:25.339+0000] {processor.py:183} INFO - Processing /opt/airflow/dags/csv/archive.zip took 0.044 seconds
[2024-06-18T15:16:56.842+0000] {processor.py:161} INFO - Started process (PID=198) to work on /opt/airflow/dags/csv/archive.zip
[2024-06-18T15:16:56.843+0000] {processor.py:830} INFO - Processing file /opt/airflow/dags/csv/archive.zip for tasks to queue
[2024-06-18T15:16:56.846+0000] {logging_mixin.py:188} INFO - [2024-06-18T15:16:56.846+0000] {dagbag.py:545} INFO - Filling up the DagBag from /opt/airflow/dags/csv/archive.zip
[2024-06-18T15:16:56.858+0000] {processor.py:842} WARNING - No viable dags retrieved from /opt/airflow/dags/csv/archive.zip
[2024-06-18T15:16:56.878+0000] {processor.py:183} INFO - Processing /opt/airflow/dags/csv/archive.zip took 0.042 seconds
[2024-06-18T15:17:28.349+0000] {processor.py:161} INFO - Started process (PID=215) to work on /opt/airflow/dags/csv/archive.zip
[2024-06-18T15:17:28.350+0000] {processor.py:830} INFO - Processing file /opt/airflow/dags/csv/archive.zip for tasks to queue
[2024-06-18T15:17:28.352+0000] {logging_mixin.py:188} INFO - [2024-06-18T15:17:28.351+0000] {dagbag.py:545} INFO - Filling up the DagBag from /opt/airflow/dags/csv/archive.zip
[2024-06-18T15:17:28.363+0000] {processor.py:842} WARNING - No viable dags retrieved from /opt/airflow/dags/csv/archive.zip
[2024-06-18T15:17:28.378+0000] {processor.py:183} INFO - Processing /opt/airflow/dags/csv/archive.zip took 0.036 seconds
[2024-06-18T15:17:59.970+0000] {processor.py:161} INFO - Started process (PID=232) to work on /opt/airflow/dags/csv/archive.zip
[2024-06-18T15:17:59.972+0000] {processor.py:830} INFO - Processing file /opt/airflow/dags/csv/archive.zip for tasks to queue
[2024-06-18T15:17:59.974+0000] {logging_mixin.py:188} INFO - [2024-06-18T15:17:59.974+0000] {dagbag.py:545} INFO - Filling up the DagBag from /opt/airflow/dags/csv/archive.zip
[2024-06-18T15:17:59.986+0000] {processor.py:842} WARNING - No viable dags retrieved from /opt/airflow/dags/csv/archive.zip
[2024-06-18T15:18:00.004+0000] {processor.py:183} INFO - Processing /opt/airflow/dags/csv/archive.zip took 0.042 seconds
[2024-06-18T15:18:31.552+0000] {processor.py:161} INFO - Started process (PID=249) to work on /opt/airflow/dags/csv/archive.zip
[2024-06-18T15:18:31.553+0000] {processor.py:830} INFO - Processing file /opt/airflow/dags/csv/archive.zip for tasks to queue
[2024-06-18T15:18:31.558+0000] {logging_mixin.py:188} INFO - [2024-06-18T15:18:31.557+0000] {dagbag.py:545} INFO - Filling up the DagBag from /opt/airflow/dags/csv/archive.zip
[2024-06-18T15:18:31.567+0000] {processor.py:842} WARNING - No viable dags retrieved from /opt/airflow/dags/csv/archive.zip
[2024-06-18T15:18:31.581+0000] {processor.py:183} INFO - Processing /opt/airflow/dags/csv/archive.zip took 0.036 seconds
[2024-06-18T15:19:03.199+0000] {processor.py:161} INFO - Started process (PID=274) to work on /opt/airflow/dags/csv/archive.zip
[2024-06-18T15:19:03.200+0000] {processor.py:830} INFO - Processing file /opt/airflow/dags/csv/archive.zip for tasks to queue
[2024-06-18T15:19:03.204+0000] {logging_mixin.py:188} INFO - [2024-06-18T15:19:03.203+0000] {dagbag.py:545} INFO - Filling up the DagBag from /opt/airflow/dags/csv/archive.zip
[2024-06-18T15:19:03.216+0000] {processor.py:842} WARNING - No viable dags retrieved from /opt/airflow/dags/csv/archive.zip
[2024-06-18T15:19:03.232+0000] {processor.py:183} INFO - Processing /opt/airflow/dags/csv/archive.zip took 0.040 seconds
[2024-06-18T15:19:34.784+0000] {processor.py:161} INFO - Started process (PID=297) to work on /opt/airflow/dags/csv/archive.zip
[2024-06-18T15:19:34.786+0000] {processor.py:830} INFO - Processing file /opt/airflow/dags/csv/archive.zip for tasks to queue
[2024-06-18T15:19:34.790+0000] {logging_mixin.py:188} INFO - [2024-06-18T15:19:34.789+0000] {dagbag.py:545} INFO - Filling up the DagBag from /opt/airflow/dags/csv/archive.zip
[2024-06-18T15:19:34.803+0000] {processor.py:842} WARNING - No viable dags retrieved from /opt/airflow/dags/csv/archive.zip
[2024-06-18T15:19:34.822+0000] {processor.py:183} INFO - Processing /opt/airflow/dags/csv/archive.zip took 0.044 seconds
[2024-06-18T15:20:06.394+0000] {processor.py:161} INFO - Started process (PID=314) to work on /opt/airflow/dags/csv/archive.zip
[2024-06-18T15:20:06.396+0000] {processor.py:830} INFO - Processing file /opt/airflow/dags/csv/archive.zip for tasks to queue
[2024-06-18T15:20:06.400+0000] {logging_mixin.py:188} INFO - [2024-06-18T15:20:06.399+0000] {dagbag.py:545} INFO - Filling up the DagBag from /opt/airflow/dags/csv/archive.zip
[2024-06-18T15:20:06.410+0000] {processor.py:842} WARNING - No viable dags retrieved from /opt/airflow/dags/csv/archive.zip
[2024-06-18T15:20:06.425+0000] {processor.py:183} INFO - Processing /opt/airflow/dags/csv/archive.zip took 0.039 seconds
[2024-06-18T15:20:37.864+0000] {processor.py:161} INFO - Started process (PID=331) to work on /opt/airflow/dags/csv/archive.zip
[2024-06-18T15:20:37.866+0000] {processor.py:830} INFO - Processing file /opt/airflow/dags/csv/archive.zip for tasks to queue
[2024-06-18T15:20:37.869+0000] {logging_mixin.py:188} INFO - [2024-06-18T15:20:37.868+0000] {dagbag.py:545} INFO - Filling up the DagBag from /opt/airflow/dags/csv/archive.zip
[2024-06-18T15:20:37.880+0000] {processor.py:842} WARNING - No viable dags retrieved from /opt/airflow/dags/csv/archive.zip
[2024-06-18T15:20:37.896+0000] {processor.py:183} INFO - Processing /opt/airflow/dags/csv/archive.zip took 0.041 seconds
[2024-06-18T15:21:09.496+0000] {processor.py:161} INFO - Started process (PID=351) to work on /opt/airflow/dags/csv/archive.zip
[2024-06-18T15:21:09.498+0000] {processor.py:830} INFO - Processing file /opt/airflow/dags/csv/archive.zip for tasks to queue
[2024-06-18T15:21:09.500+0000] {logging_mixin.py:188} INFO - [2024-06-18T15:21:09.500+0000] {dagbag.py:545} INFO - Filling up the DagBag from /opt/airflow/dags/csv/archive.zip
[2024-06-18T15:21:09.511+0000] {processor.py:842} WARNING - No viable dags retrieved from /opt/airflow/dags/csv/archive.zip
[2024-06-18T15:21:09.526+0000] {processor.py:183} INFO - Processing /opt/airflow/dags/csv/archive.zip took 0.038 seconds
[2024-06-18T15:21:41.781+0000] {processor.py:161} INFO - Started process (PID=376) to work on /opt/airflow/dags/csv/archive.zip
[2024-06-18T15:21:41.783+0000] {processor.py:830} INFO - Processing file /opt/airflow/dags/csv/archive.zip for tasks to queue
[2024-06-18T15:21:41.785+0000] {logging_mixin.py:188} INFO - [2024-06-18T15:21:41.785+0000] {dagbag.py:545} INFO - Filling up the DagBag from /opt/airflow/dags/csv/archive.zip
[2024-06-18T15:21:41.796+0000] {processor.py:842} WARNING - No viable dags retrieved from /opt/airflow/dags/csv/archive.zip
[2024-06-18T15:21:41.810+0000] {processor.py:183} INFO - Processing /opt/airflow/dags/csv/archive.zip took 0.035 seconds
